29/04/2012 18:27:27 (Std) 	+-+-+-+-+-+-+-+-+-+-+-+-+-+-+-+-+-+-+-+-+-+-+-+-+-+-+-+-+-+-+-+-+-+-+-+-+-+-+-+
29/04/2012 18:27:27 (Std) 	+                     Crazy Eddie's GUI System - Event log                    +
29/04/2012 18:27:27 (Std) 	+                          (http://www.cegui.org.uk/)                         +
29/04/2012 18:27:27 (Std) 	+-+-+-+-+-+-+-+-+-+-+-+-+-+-+-+-+-+-+-+-+-+-+-+-+-+-+-+-+-+-+-+-+-+-+-+-+-+-+-+

29/04/2012 18:27:27 (Std) 	CEGUI::Logger singleton created. (0x293bc30)
29/04/2012 18:27:27 (Std) 	
29/04/2012 18:27:27 (Std) 	********************************************************************************
29/04/2012 18:27:27 (Std) 	* Important:                                                                   *
29/04/2012 18:27:27 (Std) 	*     To get support at the CEGUI forums, you must post _at least_ the section *
29/04/2012 18:27:27 (Std) 	*     of this log file indicated below.  Failure to do this will result in no  *
29/04/2012 18:27:27 (Std) 	*     support being given; please do not waste our time.                       *
29/04/2012 18:27:27 (Std) 	********************************************************************************
29/04/2012 18:27:27 (Std) 	********************************************************************************
29/04/2012 18:27:27 (Std) 	* -------- START OF ESSENTIAL SECTION TO BE POSTED ON THE FORUM       -------- *
29/04/2012 18:27:27 (Std) 	********************************************************************************
29/04/2012 18:27:27 (Std) 	---- Version 0.7.6 (Build: Mar  8 2012 GNU/Linux g++ 4.6.3 64 bit) ----
29/04/2012 18:27:27 (Std) 	---- Renderer module is: CEGUI::OgreRenderer - Official OGRE based 2nd generation renderer module. ----
29/04/2012 18:27:27 (Std) 	---- XML Parser module is: CEGUI::ExpatParser - Official expat based parser module for CEGUI ----
29/04/2012 18:27:27 (Std) 	---- Image Codec module is: OgreImageCodec - Integrated ImageCodec using the Ogre engine. ----
29/04/2012 18:27:27 (Std) 	---- Scripting module is: None ----
29/04/2012 18:27:27 (Std) 	********************************************************************************
29/04/2012 18:27:27 (Std) 	* -------- END OF ESSENTIAL SECTION TO BE POSTED ON THE FORUM         -------- *
29/04/2012 18:27:27 (Std) 	********************************************************************************
29/04/2012 18:27:27 (Std) 	
29/04/2012 18:27:27 (Std) 	---- Begining CEGUI System initialisation ----
29/04/2012 18:27:27 (Std) 	CEGUI::ImagesetManager singleton created (0x280d980)
29/04/2012 18:27:27 (Std) 	CEGUI::FontManager singleton created. (0x293c9c0)
29/04/2012 18:27:27 (Std) 	CEGUI::WindowFactoryManager singleton created
29/04/2012 18:27:27 (Std) 	CEGUI::WindowManager singleton created (0x293d830)
29/04/2012 18:27:27 (Std) 	CEGUI::SchemeManager singleton created. (0x293d8d0)
29/04/2012 18:27:27 (Std) 	CEGUI::MouseCursor singleton created. (0x293da00)
29/04/2012 18:27:27 (Std) 	CEGUI::GlobalEventSet singleton created. (0x27f7280)
29/04/2012 18:27:27 (Std) 	CEGUI::AnimationManager singleton created (0x26fb3c0)
29/04/2012 18:27:27 (Std) 	CEGUI::WidgetLookManager singleton created. (0x293c3f0)
29/04/2012 18:27:27 (Std) 	CEGUI::WindowRendererManager singleton created (0x280e120)
29/04/2012 18:27:27 (Std) 	CEGUI::RenderEffectManager singleton created (0x28104e0)
29/04/2012 18:27:27 (Std) 	Created WindowFactory for 'DefaultWindow' windows.
29/04/2012 18:27:27 (Std) 	WindowFactory for 'DefaultWindow' windows added. (0x29410b0)
29/04/2012 18:27:27 (Std) 	Created WindowFactory for 'DragContainer' windows.
29/04/2012 18:27:27 (Std) 	WindowFactory for 'DragContainer' windows added. (0x2941370)
29/04/2012 18:27:27 (Std) 	Created WindowFactory for 'ScrolledContainer' windows.
29/04/2012 18:27:27 (Std) 	WindowFactory for 'ScrolledContainer' windows added. (0x2941510)
29/04/2012 18:27:27 (Std) 	Created WindowFactory for 'ClippedContainer' windows.
29/04/2012 18:27:27 (Std) 	WindowFactory for 'ClippedContainer' windows added. (0x29416b0)
29/04/2012 18:27:27 (Std) 	Created WindowFactory for 'CEGUI/Checkbox' windows.
29/04/2012 18:27:27 (Std) 	WindowFactory for 'CEGUI/Checkbox' windows added. (0x2941850)
29/04/2012 18:27:27 (Std) 	Created WindowFactory for 'CEGUI/PushButton' windows.
29/04/2012 18:27:27 (Std) 	WindowFactory for 'CEGUI/PushButton' windows added. (0x2941170)
29/04/2012 18:27:27 (Std) 	Created WindowFactory for 'CEGUI/RadioButton' windows.
29/04/2012 18:27:27 (Std) 	WindowFactory for 'CEGUI/RadioButton' windows added. (0x2941ad0)
29/04/2012 18:27:27 (Std) 	Created WindowFactory for 'CEGUI/Combobox' windows.
29/04/2012 18:27:27 (Std) 	WindowFactory for 'CEGUI/Combobox' windows added. (0x2941dd0)
29/04/2012 18:27:27 (Std) 	Created WindowFactory for 'CEGUI/ComboDropList' windows.
29/04/2012 18:27:27 (Std) 	WindowFactory for 'CEGUI/ComboDropList' windows added. (0x2941f70)
29/04/2012 18:27:27 (Std) 	Created WindowFactory for 'CEGUI/Editbox' windows.
29/04/2012 18:27:27 (Std) 	WindowFactory for 'CEGUI/Editbox' windows added. (0x2942110)
29/04/2012 18:27:27 (Std) 	Created WindowFactory for 'CEGUI/FrameWindow' windows.
29/04/2012 18:27:27 (Std) 	WindowFactory for 'CEGUI/FrameWindow' windows added. (0x29422b0)
29/04/2012 18:27:27 (Std) 	Created WindowFactory for 'CEGUI/ItemEntry' windows.
29/04/2012 18:27:27 (Std) 	WindowFactory for 'CEGUI/ItemEntry' windows added. (0x2942450)
29/04/2012 18:27:27 (Std) 	Created WindowFactory for 'CEGUI/Listbox' windows.
29/04/2012 18:27:27 (Std) 	WindowFactory for 'CEGUI/Listbox' windows added. (0x29425f0)
29/04/2012 18:27:27 (Std) 	Created WindowFactory for 'CEGUI/ListHeader' windows.
29/04/2012 18:27:27 (Std) 	WindowFactory for 'CEGUI/ListHeader' windows added. (0x2942790)
29/04/2012 18:27:27 (Std) 	Created WindowFactory for 'CEGUI/ListHeaderSegment' windows.
29/04/2012 18:27:27 (Std) 	WindowFactory for 'CEGUI/ListHeaderSegment' windows added. (0x2942930)
29/04/2012 18:27:27 (Std) 	Created WindowFactory for 'CEGUI/Menubar' windows.
29/04/2012 18:27:27 (Std) 	WindowFactory for 'CEGUI/Menubar' windows added. (0x2942ad0)
29/04/2012 18:27:27 (Std) 	Created WindowFactory for 'CEGUI/PopupMenu' windows.
29/04/2012 18:27:27 (Std) 	WindowFactory for 'CEGUI/PopupMenu' windows added. (0x2942c70)
29/04/2012 18:27:27 (Std) 	Created WindowFactory for 'CEGUI/MenuItem' windows.
29/04/2012 18:27:27 (Std) 	WindowFactory for 'CEGUI/MenuItem' windows added. (0x2942f20)
29/04/2012 18:27:27 (Std) 	Created WindowFactory for 'CEGUI/MultiColumnList' windows.
29/04/2012 18:27:27 (Std) 	WindowFactory for 'CEGUI/MultiColumnList' windows added. (0x29430c0)
29/04/2012 18:27:27 (Std) 	Created WindowFactory for 'CEGUI/MultiLineEditbox' windows.
29/04/2012 18:27:27 (Std) 	WindowFactory for 'CEGUI/MultiLineEditbox' windows added. (0x2943260)
29/04/2012 18:27:27 (Std) 	Created WindowFactory for 'CEGUI/ProgressBar' windows.
29/04/2012 18:27:27 (Std) 	WindowFactory for 'CEGUI/ProgressBar' windows added. (0x2943400)
29/04/2012 18:27:27 (Std) 	Created WindowFactory for 'CEGUI/ScrollablePane' windows.
29/04/2012 18:27:27 (Std) 	WindowFactory for 'CEGUI/ScrollablePane' windows added. (0x29435a0)
29/04/2012 18:27:27 (Std) 	Created WindowFactory for 'CEGUI/Scrollbar' windows.
29/04/2012 18:27:27 (Std) 	WindowFactory for 'CEGUI/Scrollbar' windows added. (0x2943740)
29/04/2012 18:27:27 (Std) 	Created WindowFactory for 'CEGUI/Slider' windows.
29/04/2012 18:27:27 (Std) 	WindowFactory for 'CEGUI/Slider' windows added. (0x29438e0)
29/04/2012 18:27:27 (Std) 	Created WindowFactory for 'CEGUI/Spinner' windows.
29/04/2012 18:27:27 (Std) 	WindowFactory for 'CEGUI/Spinner' windows added. (0x2943a80)
29/04/2012 18:27:27 (Std) 	Created WindowFactory for 'CEGUI/TabButton' windows.
29/04/2012 18:27:27 (Std) 	WindowFactory for 'CEGUI/TabButton' windows added. (0x2943c20)
29/04/2012 18:27:27 (Std) 	Created WindowFactory for 'CEGUI/TabControl' windows.
29/04/2012 18:27:27 (Std) 	WindowFactory for 'CEGUI/TabControl' windows added. (0x2943dc0)
29/04/2012 18:27:27 (Std) 	Created WindowFactory for 'CEGUI/Thumb' windows.
29/04/2012 18:27:27 (Std) 	WindowFactory for 'CEGUI/Thumb' windows added. (0x2943f60)
29/04/2012 18:27:27 (Std) 	Created WindowFactory for 'CEGUI/Titlebar' windows.
29/04/2012 18:27:27 (Std) 	WindowFactory for 'CEGUI/Titlebar' windows added. (0x2944100)
29/04/2012 18:27:27 (Std) 	Created WindowFactory for 'CEGUI/Tooltip' windows.
29/04/2012 18:27:27 (Std) 	WindowFactory for 'CEGUI/Tooltip' windows added. (0x29442a0)
29/04/2012 18:27:27 (Std) 	Created WindowFactory for 'CEGUI/ItemListbox' windows.
29/04/2012 18:27:27 (Std) 	WindowFactory for 'CEGUI/ItemListbox' windows added. (0x2944440)
29/04/2012 18:27:27 (Std) 	Created WindowFactory for 'CEGUI/GroupBox' windows.
29/04/2012 18:27:27 (Std) 	WindowFactory for 'CEGUI/GroupBox' windows added. (0x29445e0)
29/04/2012 18:27:27 (Std) 	Created WindowFactory for 'CEGUI/Tree' windows.
29/04/2012 18:27:27 (Std) 	WindowFactory for 'CEGUI/Tree' windows added. (0x2944780)
29/04/2012 18:27:27 (Std) 	Created WindowFactory for 'HorizontalLayoutContainer' windows.
29/04/2012 18:27:27 (Std) 	WindowFactory for 'HorizontalLayoutContainer' windows added. (0x2942e10)
29/04/2012 18:27:27 (Std) 	Created WindowFactory for 'VerticalLayoutContainer' windows.
29/04/2012 18:27:27 (Std) 	WindowFactory for 'VerticalLayoutContainer' windows added. (0x2944c10)
29/04/2012 18:27:27 (Std) 	Created WindowFactory for 'GridLayoutContainer' windows.
29/04/2012 18:27:27 (Std) 	WindowFactory for 'GridLayoutContainer' windows added. (0x2944db0)
29/04/2012 18:27:27 (Std) 	Window type alias named 'DefaultGUISheet' added for window type 'DefaultWindow'.
29/04/2012 18:27:27 (Std) 	CEGUI::System singleton created. (0x293b820)
29/04/2012 18:27:27 (Std) 	---- CEGUI System initialisation completed ----
29/04/2012 18:27:27 (Std) 	
29/04/2012 18:27:27 (Std) 	Started creation of Scheme from XML specification:
29/04/2012 18:27:27 (Std) 	---- CEGUI GUIScheme name: TaharezLook
29/04/2012 18:27:27 (Std) 	Started creation of Imageset from XML specification:
29/04/2012 18:27:27 (Std) 	---- CEGUI Imageset name: TaharezLook
29/04/2012 18:27:27 (Std) 	---- Source texture file: TaharezLook.tga in resource group: (Default)
29/04/2012 18:27:27 (Std) 	Started creation of Font from XML specification:
29/04/2012 18:27:27 (Std) 	---- CEGUI font name: DejaVuSans-10
29/04/2012 18:27:27 (Std) 	----       Font type: FreeType
29/04/2012 18:27:27 (Std) 	----     Source file: DejaVuSans.ttf in resource group: (Default)
29/04/2012 18:27:27 (Std) 	---- Real point size: 10
29/04/2012 18:27:27 (Std) 	===== Falagard 'root' element: look and feel parsing begins =====
29/04/2012 18:27:27 (Std) 	===== Look and feel parsing completed =====
29/04/2012 18:27:27 (Std) 	No window renderer factories specified for module 'CEGUIFalagardWRBase' - adding all available factories...
29/04/2012 18:27:27 (Std) 	Created WindowRendererFactory for 'Falagard/Button' WindowRenderers.
29/04/2012 18:27:27 (Std) 	WindowRendererFactory 'Falagard/Button' added. (0x29493c0)
29/04/2012 18:27:27 (Std) 	Created WindowRendererFactory for 'Falagard/Default' WindowRenderers.
29/04/2012 18:27:27 (Std) 	WindowRendererFactory 'Falagard/Default' added. (0x2bd49f0)
29/04/2012 18:27:27 (Std) 	Created WindowRendererFactory for 'Falagard/Editbox' WindowRenderers.
29/04/2012 18:27:27 (Std) 	WindowRendererFactory 'Falagard/Editbox' added. (0x2a020f0)
29/04/2012 18:27:27 (Std) 	Created WindowRendererFactory for 'Falagard/FrameWindow' WindowRenderers.
29/04/2012 18:27:27 (Std) 	WindowRendererFactory 'Falagard/FrameWindow' added. (0x2bd4ab0)
29/04/2012 18:27:27 (Std) 	Created WindowRendererFactory for 'Falagard/ItemEntry' WindowRenderers.
29/04/2012 18:27:27 (Std) 	WindowRendererFactory 'Falagard/ItemEntry' added. (0x2a02350)
29/04/2012 18:27:27 (Std) 	Created WindowRendererFactory for 'Falagard/ListHeader' WindowRenderers.
29/04/2012 18:27:27 (Std) 	WindowRendererFactory 'Falagard/ListHeader' added. (0x2bd5f20)
29/04/2012 18:27:27 (Std) 	Created WindowRendererFactory for 'Falagard/ListHeaderSegment' WindowRenderers.
29/04/2012 18:27:27 (Std) 	WindowRendererFactory 'Falagard/ListHeaderSegment' added. (0x2bd60c0)
29/04/2012 18:27:27 (Std) 	Created WindowRendererFactory for 'Falagard/Listbox' WindowRenderers.
29/04/2012 18:27:27 (Std) 	WindowRendererFactory 'Falagard/Listbox' added. (0x2bd6260)
29/04/2012 18:27:27 (Std) 	Created WindowRendererFactory for 'Falagard/Menubar' WindowRenderers.
29/04/2012 18:27:27 (Std) 	WindowRendererFactory 'Falagard/Menubar' added. (0x2bd6400)
29/04/2012 18:27:27 (Std) 	Created WindowRendererFactory for 'Falagard/MenuItem' WindowRenderers.
29/04/2012 18:27:27 (Std) 	WindowRendererFactory 'Falagard/MenuItem' added. (0x2bd65a0)
29/04/2012 18:27:27 (Std) 	Created WindowRendererFactory for 'Falagard/MultiColumnList' WindowRenderers.
29/04/2012 18:27:27 (Std) 	WindowRendererFactory 'Falagard/MultiColumnList' added. (0x2bd6660)
29/04/2012 18:27:27 (Std) 	Created WindowRendererFactory for 'Falagard/MultiLineEditbox' WindowRenderers.
29/04/2012 18:27:27 (Std) 	WindowRendererFactory 'Falagard/MultiLineEditbox' added. (0x294ee40)
29/04/2012 18:27:27 (Std) 	Created WindowRendererFactory for 'Falagard/PopupMenu' WindowRenderers.
29/04/2012 18:27:27 (Std) 	WindowRendererFactory 'Falagard/PopupMenu' added. (0x294efe0)
29/04/2012 18:27:27 (Std) 	Created WindowRendererFactory for 'Falagard/ProgressBar' WindowRenderers.
29/04/2012 18:27:27 (Std) 	WindowRendererFactory 'Falagard/ProgressBar' added. (0x294f180)
29/04/2012 18:27:27 (Std) 	Created WindowRendererFactory for 'Falagard/ScrollablePane' WindowRenderers.
29/04/2012 18:27:27 (Std) 	WindowRendererFactory 'Falagard/ScrollablePane' added. (0x294f320)
29/04/2012 18:27:27 (Std) 	Created WindowRendererFactory for 'Falagard/Scrollbar' WindowRenderers.
29/04/2012 18:27:27 (Std) 	WindowRendererFactory 'Falagard/Scrollbar' added. (0x2be5830)
29/04/2012 18:27:27 (Std) 	Created WindowRendererFactory for 'Falagard/Slider' WindowRenderers.
29/04/2012 18:27:27 (Std) 	WindowRendererFactory 'Falagard/Slider' added. (0x2be59d0)
29/04/2012 18:27:27 (Std) 	Created WindowRendererFactory for 'Falagard/Static' WindowRenderers.
29/04/2012 18:27:27 (Std) 	WindowRendererFactory 'Falagard/Static' added. (0x2be5c80)
29/04/2012 18:27:27 (Std) 	Created WindowRendererFactory for 'Falagard/StaticImage' WindowRenderers.
29/04/2012 18:27:27 (Std) 	WindowRendererFactory 'Falagard/StaticImage' added. (0x2be5e20)
29/04/2012 18:27:27 (Std) 	Created WindowRendererFactory for 'Falagard/StaticText' WindowRenderers.
29/04/2012 18:27:27 (Std) 	WindowRendererFactory 'Falagard/StaticText' added. (0x2be5fc0)
29/04/2012 18:27:27 (Std) 	Created WindowRendererFactory for 'Falagard/SystemButton' WindowRenderers.
29/04/2012 18:27:27 (Std) 	WindowRendererFactory 'Falagard/SystemButton' added. (0x2bdc420)
29/04/2012 18:27:27 (Std) 	Created WindowRendererFactory for 'Falagard/TabButton' WindowRenderers.
29/04/2012 18:27:27 (Std) 	WindowRendererFactory 'Falagard/TabButton' added. (0x2bdc5c0)
29/04/2012 18:27:27 (Std) 	Created WindowRendererFactory for 'Falagard/TabControl' WindowRenderers.
29/04/2012 18:27:27 (Std) 	WindowRendererFactory 'Falagard/TabControl' added. (0x2bdc760)
29/04/2012 18:27:27 (Std) 	Created WindowRendererFactory for 'Falagard/Titlebar' WindowRenderers.
29/04/2012 18:27:27 (Std) 	WindowRendererFactory 'Falagard/Titlebar' added. (0x2bdc900)
29/04/2012 18:27:27 (Std) 	Created WindowRendererFactory for 'Falagard/ToggleButton' WindowRenderers.
29/04/2012 18:27:27 (Std) 	WindowRendererFactory 'Falagard/ToggleButton' added. (0x2bdcaa0)
29/04/2012 18:27:27 (Std) 	Created WindowRendererFactory for 'Falagard/Tooltip' WindowRenderers.
29/04/2012 18:27:27 (Std) 	WindowRendererFactory 'Falagard/Tooltip' added. (0x2bdcc40)
29/04/2012 18:27:27 (Std) 	Created WindowRendererFactory for 'Falagard/ItemListbox' WindowRenderers.
29/04/2012 18:27:27 (Std) 	WindowRendererFactory 'Falagard/ItemListbox' added. (0x2bdcde0)
29/04/2012 18:27:27 (Std) 	Created WindowRendererFactory for 'Falagard/Tree' WindowRenderers.
29/04/2012 18:27:27 (Std) 	WindowRendererFactory 'Falagard/Tree' added. (0x2bdcea0)
29/04/2012 18:27:27 (Std) 	Creating falagard mapping for type 'TaharezLook/Button' using base type 'CEGUI/PushButton', window renderer 'Falagard/Button' Look'N'Feel 'TaharezLook/Button' and RenderEffect ''. (0x7fffefc01f80)
29/04/2012 18:27:27 (Std) 	Creating falagard mapping for type 'TaharezLook/Checkbox' using base type 'CEGUI/Checkbox', window renderer 'Falagard/ToggleButton' Look'N'Feel 'TaharezLook/Checkbox' and RenderEffect ''. (0x7fffefc01f80)
29/04/2012 18:27:27 (Std) 	Creating falagard mapping for type 'TaharezLook/ImageButton' using base type 'CEGUI/PushButton', window renderer 'Falagard/Button' Look'N'Feel 'TaharezLook/ImageButton' and RenderEffect ''. (0x7fffefc01f80)
29/04/2012 18:27:27 (Std) 	Creating falagard mapping for type 'TaharezLook/RadioButton' using base type 'CEGUI/RadioButton', window renderer 'Falagard/ToggleButton' Look'N'Feel 'TaharezLook/RadioButton' and RenderEffect ''. (0x7fffefc01f80)
29/04/2012 18:27:27 (Std) 	Creating falagard mapping for type 'TaharezLook/FrameWindow' using base type 'CEGUI/FrameWindow', window renderer 'Falagard/FrameWindow' Look'N'Feel 'TaharezLook/FrameWindow' and RenderEffect ''. (0x7fffefc01f80)
29/04/2012 18:27:27 (Std) 	Creating falagard mapping for type 'TaharezLook/Titlebar' using base type 'CEGUI/Titlebar', window renderer 'Falagard/Titlebar' Look'N'Feel 'TaharezLook/Titlebar' and RenderEffect ''. (0x7fffefc01f80)
29/04/2012 18:27:27 (Std) 	Creating falagard mapping for type 'TaharezLook/SystemButton' using base type 'CEGUI/PushButton', window renderer 'Falagard/Button' Look'N'Feel 'TaharezLook/Button' and RenderEffect ''. (0x7fffefc01f80)
29/04/2012 18:27:27 (Std) 	Creating falagard mapping for type 'TaharezLook/Editbox' using base type 'CEGUI/Editbox', window renderer 'Falagard/Editbox' Look'N'Feel 'TaharezLook/Editbox' and RenderEffect ''. (0x7fffefc01f80)
29/04/2012 18:27:27 (Std) 	Creating falagard mapping for type 'TaharezLook/MultiLineEditbox' using base type 'CEGUI/MultiLineEditbox', window renderer 'Falagard/MultiLineEditbox' Look'N'Feel 'TaharezLook/MultiLineEditbox' and RenderEffect ''. (0x7fffefc01f80)
29/04/2012 18:27:27 (Std) 	Creating falagard mapping for type 'TaharezLook/Menubar' using base type 'CEGUI/Menubar', window renderer 'Falagard/Menubar' Look'N'Feel 'TaharezLook/Menubar' and RenderEffect ''. (0x7fffefc01f80)
29/04/2012 18:27:27 (Std) 	Creating falagard mapping for type 'TaharezLook/PopupMenu' using base type 'CEGUI/PopupMenu', window renderer 'Falagard/PopupMenu' Look'N'Feel 'TaharezLook/PopupMenu' and RenderEffect ''. (0x7fffefc01f80)
29/04/2012 18:27:27 (Std) 	Creating falagard mapping for type 'TaharezLook/MenuItem' using base type 'CEGUI/MenuItem', window renderer 'Falagard/MenuItem' Look'N'Feel 'TaharezLook/MenuItem' and RenderEffect ''. (0x7fffefc01f80)
29/04/2012 18:27:27 (Std) 	Creating falagard mapping for type 'TaharezLook/AlternateProgressBar' using base type 'CEGUI/ProgressBar', window renderer 'Falagard/ProgressBar' Look'N'Feel 'TaharezLook/AltProgressBar' and RenderEffect ''. (0x7fffefc01f80)
29/04/2012 18:27:27 (Std) 	Creating falagard mapping for type 'TaharezLook/ProgressBar' using base type 'CEGUI/ProgressBar', window renderer 'Falagard/ProgressBar' Look'N'Feel 'TaharezLook/ProgressBar' and RenderEffect ''. (0x7fffefc01f80)
29/04/2012 18:27:27 (Std) 	Creating falagard mapping for type 'TaharezLook/VUMeter' using base type 'CEGUI/ProgressBar', window renderer 'Falagard/ProgressBar' Look'N'Feel 'TaharezLook/VUMeter' and RenderEffect ''. (0x7fffefc01f80)
29/04/2012 18:27:27 (Std) 	Creating falagard mapping for type 'TaharezLook/VerticalScrollbar' using base type 'CEGUI/Scrollbar', window renderer 'Falagard/Scrollbar' Look'N'Feel 'TaharezLook/VerticalScrollbar' and RenderEffect ''. (0x7fffefc01f80)
29/04/2012 18:27:27 (Std) 	Creating falagard mapping for type 'TaharezLook/HorizontalScrollbar' using base type 'CEGUI/Scrollbar', window renderer 'Falagard/Scrollbar' Look'N'Feel 'TaharezLook/HorizontalScrollbar' and RenderEffect ''. (0x7fffefc01f80)
29/04/2012 18:27:27 (Std) 	Creating falagard mapping for type 'TaharezLook/VerticalScrollbarThumb' using base type 'CEGUI/Thumb', window renderer 'Falagard/Button' Look'N'Feel 'TaharezLook/VerticalScrollbarThumb' and RenderEffect ''. (0x7fffefc01f80)
29/04/2012 18:27:27 (Std) 	Creating falagard mapping for type 'TaharezLook/HorizontalScrollbarThumb' using base type 'CEGUI/Thumb', window renderer 'Falagard/Button' Look'N'Feel 'TaharezLook/HorizontalScrollbarThumb' and RenderEffect ''. (0x7fffefc01f80)
29/04/2012 18:27:27 (Std) 	Creating falagard mapping for type 'TaharezLook/LargeVerticalScrollbar' using base type 'CEGUI/Scrollbar', window renderer 'Falagard/Scrollbar' Look'N'Feel 'TaharezLook/LargeVerticalScrollbar' and RenderEffect ''. (0x7fffefc01f80)
29/04/2012 18:27:27 (Std) 	Creating falagard mapping for type 'TaharezLook/LargeVerticalScrollbarThumb' using base type 'CEGUI/Thumb', window renderer 'Falagard/Button' Look'N'Feel 'TaharezLook/LargeVerticalScrollbarThumb' and RenderEffect ''. (0x7fffefc01f80)
29/04/2012 18:27:27 (Std) 	Creating falagard mapping for type 'TaharezLook/TabButton' using base type 'CEGUI/TabButton', window renderer 'Falagard/TabButton' Look'N'Feel 'TaharezLook/TabButton' and RenderEffect ''. (0x7fffefc01f80)
29/04/2012 18:27:27 (Std) 	Creating falagard mapping for type 'TaharezLook/TabControl' using base type 'CEGUI/TabControl', window renderer 'Falagard/TabControl' Look'N'Feel 'TaharezLook/TabControl' and RenderEffect ''. (0x7fffefc01f80)
29/04/2012 18:27:27 (Std) 	Creating falagard mapping for type 'TaharezLook/TabContentPane' using base type 'DefaultWindow', window renderer 'Falagard/Default' Look'N'Feel 'TaharezLook/TabContentPane' and RenderEffect ''. (0x7fffefc01f80)
29/04/2012 18:27:27 (Std) 	Creating falagard mapping for type 'TaharezLook/TabButtonPane' using base type 'DefaultWindow', window renderer 'Falagard/Default' Look'N'Feel 'TaharezLook/TabButtonPane' and RenderEffect ''. (0x7fffefc01f80)
29/04/2012 18:27:27 (Std) 	Creating falagard mapping for type 'TaharezLook/ComboDropList' using base type 'CEGUI/ComboDropList', window renderer 'Falagard/Listbox' Look'N'Feel 'TaharezLook/ComboDropList' and RenderEffect ''. (0x7fffefc01f80)
29/04/2012 18:27:27 (Std) 	Creating falagard mapping for type 'TaharezLook/ComboEditbox' using base type 'CEGUI/Editbox', window renderer 'Falagard/Editbox' Look'N'Feel 'TaharezLook/ComboEditbox' and RenderEffect ''. (0x7fffefc01f80)
29/04/2012 18:27:27 (Std) 	Creating falagard mapping for type 'TaharezLook/Combobox' using base type 'CEGUI/Combobox', window renderer 'Falagard/Default' Look'N'Feel 'TaharezLook/Combobox' and RenderEffect ''. (0x7fffefc01f80)
29/04/2012 18:27:27 (Std) 	Creating falagard mapping for type 'TaharezLook/Listbox' using base type 'CEGUI/Listbox', window renderer 'Falagard/Listbox' Look'N'Feel 'TaharezLook/Listbox' and RenderEffect ''. (0x7fffefc01f80)
29/04/2012 18:27:27 (Std) 	Creating falagard mapping for type 'TaharezLook/ListHeader' using base type 'CEGUI/ListHeader', window renderer 'Falagard/ListHeader' Look'N'Feel 'TaharezLook/ListHeader' and RenderEffect ''. (0x7fffefc01f80)
29/04/2012 18:27:27 (Std) 	Creating falagard mapping for type 'TaharezLook/ListHeaderSegment' using base type 'CEGUI/ListHeaderSegment', window renderer 'Falagard/ListHeaderSegment' Look'N'Feel 'TaharezLook/ListHeaderSegment' and RenderEffect ''. (0x7fffefc01f80)
29/04/2012 18:27:27 (Std) 	Creating falagard mapping for type 'TaharezLook/MultiColumnList' using base type 'CEGUI/MultiColumnList', window renderer 'Falagard/MultiColumnList' Look'N'Feel 'TaharezLook/MultiColumnList' and RenderEffect ''. (0x7fffefc01f80)
29/04/2012 18:27:27 (Std) 	Creating falagard mapping for type 'TaharezLook/Slider' using base type 'CEGUI/Slider', window renderer 'Falagard/Slider' Look'N'Feel 'TaharezLook/Slider' and RenderEffect ''. (0x7fffefc01f80)
29/04/2012 18:27:27 (Std) 	Creating falagard mapping for type 'TaharezLook/SliderThumb' using base type 'CEGUI/Thumb', window renderer 'Falagard/Button' Look'N'Feel 'TaharezLook/SliderThumb' and RenderEffect ''. (0x7fffefc01f80)
29/04/2012 18:27:27 (Std) 	Creating falagard mapping for type 'TaharezLook/ScrollablePane' using base type 'CEGUI/ScrollablePane', window renderer 'Falagard/ScrollablePane' Look'N'Feel 'TaharezLook/ScrollablePane' and RenderEffect ''. (0x7fffefc01f80)
29/04/2012 18:27:27 (Std) 	Creating falagard mapping for type 'TaharezLook/Spinner' using base type 'CEGUI/Spinner', window renderer 'Falagard/Default' Look'N'Feel 'TaharezLook/Spinner' and RenderEffect ''. (0x7fffefc01f80)
29/04/2012 18:27:27 (Std) 	Creating falagard mapping for type 'TaharezLook/Tooltip' using base type 'CEGUI/Tooltip', window renderer 'Falagard/Tooltip' Look'N'Feel 'TaharezLook/Tooltip' and RenderEffect ''. (0x7fffefc01f80)
29/04/2012 18:27:27 (Std) 	Creating falagard mapping for type 'TaharezLook/StaticImage' using base type 'DefaultWindow', window renderer 'Falagard/StaticImage' Look'N'Feel 'TaharezLook/StaticImage' and RenderEffect ''. (0x7fffefc01f80)
29/04/2012 18:27:27 (Std) 	Creating falagard mapping for type 'TaharezLook/StaticText' using base type 'DefaultWindow', window renderer 'Falagard/StaticText' Look'N'Feel 'TaharezLook/StaticText' and RenderEffect ''. (0x7fffefc01f80)
29/04/2012 18:27:27 (Std) 	Creating falagard mapping for type 'TaharezLook/ItemListbox' using base type 'CEGUI/ItemListbox', window renderer 'Falagard/ItemListbox' Look'N'Feel 'TaharezLook/ItemListbox' and RenderEffect ''. (0x7fffefc01f80)
29/04/2012 18:27:27 (Std) 	Creating falagard mapping for type 'TaharezLook/ListboxItem' using base type 'CEGUI/ItemEntry', window renderer 'Falagard/ItemEntry' Look'N'Feel 'TaharezLook/ListboxItem' and RenderEffect ''. (0x7fffefc01f80)
29/04/2012 18:27:27 (Std) 	Creating falagard mapping for type 'TaharezLook/GroupBox' using base type 'CEGUI/GroupBox', window renderer 'Falagard/Default' Look'N'Feel 'TaharezLook/GroupBox' and RenderEffect ''. (0x7fffefc01f80)
29/04/2012 18:27:27 (Std) 	Creating falagard mapping for type 'TaharezLook/Tree' using base type 'CEGUI/Tree', window renderer 'Falagard/Tree' Look'N'Feel 'TaharezLook/Tree' and RenderEffect ''. (0x7fffefc01f80)
