12/05/2012 17:43:51 (Std) 	+-+-+-+-+-+-+-+-+-+-+-+-+-+-+-+-+-+-+-+-+-+-+-+-+-+-+-+-+-+-+-+-+-+-+-+-+-+-+-+
12/05/2012 17:43:51 (Std) 	+                     Crazy Eddie's GUI System - Event log                    +
12/05/2012 17:43:51 (Std) 	+                          (http://www.cegui.org.uk/)                         +
12/05/2012 17:43:51 (Std) 	+-+-+-+-+-+-+-+-+-+-+-+-+-+-+-+-+-+-+-+-+-+-+-+-+-+-+-+-+-+-+-+-+-+-+-+-+-+-+-+

12/05/2012 17:43:51 (Std) 	CEGUI::Logger singleton created. (0x14b8350)
12/05/2012 17:43:51 (Std) 	
12/05/2012 17:43:51 (Std) 	********************************************************************************
12/05/2012 17:43:51 (Std) 	* Important:                                                                   *
12/05/2012 17:43:51 (Std) 	*     To get support at the CEGUI forums, you must post _at least_ the section *
12/05/2012 17:43:51 (Std) 	*     of this log file indicated below.  Failure to do this will result in no  *
12/05/2012 17:43:51 (Std) 	*     support being given; please do not waste our time.                       *
12/05/2012 17:43:51 (Std) 	********************************************************************************
12/05/2012 17:43:51 (Std) 	********************************************************************************
12/05/2012 17:43:51 (Std) 	* -------- START OF ESSENTIAL SECTION TO BE POSTED ON THE FORUM       -------- *
12/05/2012 17:43:51 (Std) 	********************************************************************************
12/05/2012 17:43:51 (Std) 	---- Version 0.7.6 (Build: Mar  8 2012 GNU/Linux g++ 4.6.3 64 bit) ----
12/05/2012 17:43:51 (Std) 	---- Renderer module is: CEGUI::OgreRenderer - Official OGRE based 2nd generation renderer module. ----
12/05/2012 17:43:51 (Std) 	---- XML Parser module is: CEGUI::ExpatParser - Official expat based parser module for CEGUI ----
12/05/2012 17:43:51 (Std) 	---- Image Codec module is: OgreImageCodec - Integrated ImageCodec using the Ogre engine. ----
12/05/2012 17:43:51 (Std) 	---- Scripting module is: None ----
12/05/2012 17:43:51 (Std) 	********************************************************************************
12/05/2012 17:43:51 (Std) 	* -------- END OF ESSENTIAL SECTION TO BE POSTED ON THE FORUM         -------- *
12/05/2012 17:43:51 (Std) 	********************************************************************************
12/05/2012 17:43:51 (Std) 	
12/05/2012 17:43:51 (Std) 	---- Begining CEGUI System initialisation ----
12/05/2012 17:43:51 (Std) 	CEGUI::ImagesetManager singleton created (0x12749d0)
12/05/2012 17:43:51 (Std) 	CEGUI::FontManager singleton created. (0x14b90e0)
12/05/2012 17:43:51 (Std) 	CEGUI::WindowFactoryManager singleton created
12/05/2012 17:43:51 (Std) 	CEGUI::WindowManager singleton created (0x14b8a70)
12/05/2012 17:43:51 (Std) 	CEGUI::SchemeManager singleton created. (0x14b9f50)
12/05/2012 17:43:51 (Std) 	CEGUI::MouseCursor singleton created. (0x14ba080)
12/05/2012 17:43:51 (Std) 	CEGUI::GlobalEventSet singleton created. (0x126d940)
12/05/2012 17:43:51 (Std) 	CEGUI::AnimationManager singleton created (0x1275090)
12/05/2012 17:43:51 (Std) 	CEGUI::WidgetLookManager singleton created. (0x14b8b10)
12/05/2012 17:43:51 (Std) 	CEGUI::WindowRendererManager singleton created (0x13abc30)
12/05/2012 17:43:51 (Std) 	CEGUI::RenderEffectManager singleton created (0x1274b00)
12/05/2012 17:43:51 (Std) 	Created WindowFactory for 'DefaultWindow' windows.
12/05/2012 17:43:51 (Std) 	WindowFactory for 'DefaultWindow' windows added. (0x14bd6e0)
12/05/2012 17:43:51 (Std) 	Created WindowFactory for 'DragContainer' windows.
12/05/2012 17:43:51 (Std) 	WindowFactory for 'DragContainer' windows added. (0x14bd9a0)
12/05/2012 17:43:51 (Std) 	Created WindowFactory for 'ScrolledContainer' windows.
12/05/2012 17:43:51 (Std) 	WindowFactory for 'ScrolledContainer' windows added. (0x14bdb40)
12/05/2012 17:43:51 (Std) 	Created WindowFactory for 'ClippedContainer' windows.
12/05/2012 17:43:51 (Std) 	WindowFactory for 'ClippedContainer' windows added. (0x14bdce0)
12/05/2012 17:43:51 (Std) 	Created WindowFactory for 'CEGUI/Checkbox' windows.
12/05/2012 17:43:51 (Std) 	WindowFactory for 'CEGUI/Checkbox' windows added. (0x14bde80)
12/05/2012 17:43:51 (Std) 	Created WindowFactory for 'CEGUI/PushButton' windows.
12/05/2012 17:43:51 (Std) 	WindowFactory for 'CEGUI/PushButton' windows added. (0x14bd7a0)
12/05/2012 17:43:51 (Std) 	Created WindowFactory for 'CEGUI/RadioButton' windows.
12/05/2012 17:43:51 (Std) 	WindowFactory for 'CEGUI/RadioButton' windows added. (0x14be100)
12/05/2012 17:43:51 (Std) 	Created WindowFactory for 'CEGUI/Combobox' windows.
12/05/2012 17:43:51 (Std) 	WindowFactory for 'CEGUI/Combobox' windows added. (0x14be2a0)
12/05/2012 17:43:51 (Std) 	Created WindowFactory for 'CEGUI/ComboDropList' windows.
12/05/2012 17:43:51 (Std) 	WindowFactory for 'CEGUI/ComboDropList' windows added. (0x14be4c0)
12/05/2012 17:43:51 (Std) 	Created WindowFactory for 'CEGUI/Editbox' windows.
12/05/2012 17:43:51 (Std) 	WindowFactory for 'CEGUI/Editbox' windows added. (0x14be6f0)
12/05/2012 17:43:51 (Std) 	Created WindowFactory for 'CEGUI/FrameWindow' windows.
12/05/2012 17:43:51 (Std) 	WindowFactory for 'CEGUI/FrameWindow' windows added. (0x14be890)
12/05/2012 17:43:51 (Std) 	Created WindowFactory for 'CEGUI/ItemEntry' windows.
12/05/2012 17:43:51 (Std) 	WindowFactory for 'CEGUI/ItemEntry' windows added. (0x14bea30)
12/05/2012 17:43:51 (Std) 	Created WindowFactory for 'CEGUI/Listbox' windows.
12/05/2012 17:43:51 (Std) 	WindowFactory for 'CEGUI/Listbox' windows added. (0x14bebd0)
12/05/2012 17:43:51 (Std) 	Created WindowFactory for 'CEGUI/ListHeader' windows.
12/05/2012 17:43:51 (Std) 	WindowFactory for 'CEGUI/ListHeader' windows added. (0x14bed70)
12/05/2012 17:43:51 (Std) 	Created WindowFactory for 'CEGUI/ListHeaderSegment' windows.
12/05/2012 17:43:51 (Std) 	WindowFactory for 'CEGUI/ListHeaderSegment' windows added. (0x14bef10)
12/05/2012 17:43:51 (Std) 	Created WindowFactory for 'CEGUI/Menubar' windows.
12/05/2012 17:43:51 (Std) 	WindowFactory for 'CEGUI/Menubar' windows added. (0x14bf0b0)
12/05/2012 17:43:51 (Std) 	Created WindowFactory for 'CEGUI/PopupMenu' windows.
12/05/2012 17:43:51 (Std) 	WindowFactory for 'CEGUI/PopupMenu' windows added. (0x14bf250)
12/05/2012 17:43:51 (Std) 	Created WindowFactory for 'CEGUI/MenuItem' windows.
12/05/2012 17:43:51 (Std) 	WindowFactory for 'CEGUI/MenuItem' windows added. (0x14bf500)
12/05/2012 17:43:51 (Std) 	Created WindowFactory for 'CEGUI/MultiColumnList' windows.
12/05/2012 17:43:51 (Std) 	WindowFactory for 'CEGUI/MultiColumnList' windows added. (0x14bf6a0)
12/05/2012 17:43:51 (Std) 	Created WindowFactory for 'CEGUI/MultiLineEditbox' windows.
12/05/2012 17:43:51 (Std) 	WindowFactory for 'CEGUI/MultiLineEditbox' windows added. (0x14bf840)
12/05/2012 17:43:51 (Std) 	Created WindowFactory for 'CEGUI/ProgressBar' windows.
12/05/2012 17:43:51 (Std) 	WindowFactory for 'CEGUI/ProgressBar' windows added. (0x14bf9e0)
12/05/2012 17:43:51 (Std) 	Created WindowFactory for 'CEGUI/ScrollablePane' windows.
12/05/2012 17:43:51 (Std) 	WindowFactory for 'CEGUI/ScrollablePane' windows added. (0x14bfb80)
12/05/2012 17:43:51 (Std) 	Created WindowFactory for 'CEGUI/Scrollbar' windows.
12/05/2012 17:43:51 (Std) 	WindowFactory for 'CEGUI/Scrollbar' windows added. (0x14bfd20)
12/05/2012 17:43:51 (Std) 	Created WindowFactory for 'CEGUI/Slider' windows.
12/05/2012 17:43:51 (Std) 	WindowFactory for 'CEGUI/Slider' windows added. (0x14bfec0)
12/05/2012 17:43:51 (Std) 	Created WindowFactory for 'CEGUI/Spinner' windows.
12/05/2012 17:43:51 (Std) 	WindowFactory for 'CEGUI/Spinner' windows added. (0x14c0060)
12/05/2012 17:43:51 (Std) 	Created WindowFactory for 'CEGUI/TabButton' windows.
12/05/2012 17:43:51 (Std) 	WindowFactory for 'CEGUI/TabButton' windows added. (0x14c0200)
12/05/2012 17:43:51 (Std) 	Created WindowFactory for 'CEGUI/TabControl' windows.
12/05/2012 17:43:51 (Std) 	WindowFactory for 'CEGUI/TabControl' windows added. (0x14c03a0)
12/05/2012 17:43:51 (Std) 	Created WindowFactory for 'CEGUI/Thumb' windows.
12/05/2012 17:43:51 (Std) 	WindowFactory for 'CEGUI/Thumb' windows added. (0x14c0540)
12/05/2012 17:43:51 (Std) 	Created WindowFactory for 'CEGUI/Titlebar' windows.
12/05/2012 17:43:51 (Std) 	WindowFactory for 'CEGUI/Titlebar' windows added. (0x14c06e0)
12/05/2012 17:43:51 (Std) 	Created WindowFactory for 'CEGUI/Tooltip' windows.
12/05/2012 17:43:51 (Std) 	WindowFactory for 'CEGUI/Tooltip' windows added. (0x14c0880)
12/05/2012 17:43:51 (Std) 	Created WindowFactory for 'CEGUI/ItemListbox' windows.
12/05/2012 17:43:51 (Std) 	WindowFactory for 'CEGUI/ItemListbox' windows added. (0x14c0a20)
12/05/2012 17:43:51 (Std) 	Created WindowFactory for 'CEGUI/GroupBox' windows.
12/05/2012 17:43:51 (Std) 	WindowFactory for 'CEGUI/GroupBox' windows added. (0x14c0bc0)
12/05/2012 17:43:51 (Std) 	Created WindowFactory for 'CEGUI/Tree' windows.
12/05/2012 17:43:51 (Std) 	WindowFactory for 'CEGUI/Tree' windows added. (0x14c0d60)
12/05/2012 17:43:51 (Std) 	Created WindowFactory for 'HorizontalLayoutContainer' windows.
12/05/2012 17:43:51 (Std) 	WindowFactory for 'HorizontalLayoutContainer' windows added. (0x14bf3f0)
12/05/2012 17:43:51 (Std) 	Created WindowFactory for 'VerticalLayoutContainer' windows.
12/05/2012 17:43:51 (Std) 	WindowFactory for 'VerticalLayoutContainer' windows added. (0x14c11f0)
12/05/2012 17:43:51 (Std) 	Created WindowFactory for 'GridLayoutContainer' windows.
12/05/2012 17:43:51 (Std) 	WindowFactory for 'GridLayoutContainer' windows added. (0x14c1390)
12/05/2012 17:43:51 (Std) 	Window type alias named 'DefaultGUISheet' added for window type 'DefaultWindow'.
12/05/2012 17:43:51 (Std) 	CEGUI::System singleton created. (0x14b7f40)
12/05/2012 17:43:51 (Std) 	---- CEGUI System initialisation completed ----
12/05/2012 17:43:51 (Std) 	
12/05/2012 17:43:51 (Std) 	Started creation of Scheme from XML specification:
12/05/2012 17:43:51 (Std) 	---- CEGUI GUIScheme name: TaharezLook
12/05/2012 17:43:51 (Std) 	Started creation of Imageset from XML specification:
12/05/2012 17:43:51 (Std) 	---- CEGUI Imageset name: TaharezLook
12/05/2012 17:43:51 (Std) 	---- Source texture file: TaharezLook.tga in resource group: (Default)
12/05/2012 17:43:51 (Std) 	Started creation of Font from XML specification:
12/05/2012 17:43:51 (Std) 	---- CEGUI font name: DejaVuSans-10
12/05/2012 17:43:51 (Std) 	----       Font type: FreeType
12/05/2012 17:43:51 (Std) 	----     Source file: DejaVuSans.ttf in resource group: (Default)
12/05/2012 17:43:51 (Std) 	---- Real point size: 10
12/05/2012 17:43:51 (Std) 	===== Falagard 'root' element: look and feel parsing begins =====
12/05/2012 17:43:51 (Std) 	===== Look and feel parsing completed =====
12/05/2012 17:43:51 (Std) 	No window renderer factories specified for module 'CEGUIFalagardWRBase' - adding all available factories...
12/05/2012 17:43:51 (Std) 	Created WindowRendererFactory for 'Falagard/Button' WindowRenderers.
12/05/2012 17:43:51 (Std) 	WindowRendererFactory 'Falagard/Button' added. (0x1740480)
12/05/2012 17:43:51 (Std) 	Created WindowRendererFactory for 'Falagard/Default' WindowRenderers.
12/05/2012 17:43:51 (Std) 	WindowRendererFactory 'Falagard/Default' added. (0x17509b0)
12/05/2012 17:43:51 (Std) 	Created WindowRendererFactory for 'Falagard/Editbox' WindowRenderers.
12/05/2012 17:43:51 (Std) 	WindowRendererFactory 'Falagard/Editbox' added. (0x1758c50)
12/05/2012 17:43:51 (Std) 	Created WindowRendererFactory for 'Falagard/FrameWindow' WindowRenderers.
12/05/2012 17:43:51 (Std) 	WindowRendererFactory 'Falagard/FrameWindow' added. (0x1758d10)
12/05/2012 17:43:51 (Std) 	Created WindowRendererFactory for 'Falagard/ItemEntry' WindowRenderers.
12/05/2012 17:43:51 (Std) 	WindowRendererFactory 'Falagard/ItemEntry' added. (0x1752420)
12/05/2012 17:43:51 (Std) 	Created WindowRendererFactory for 'Falagard/ListHeader' WindowRenderers.
12/05/2012 17:43:51 (Std) 	WindowRendererFactory 'Falagard/ListHeader' added. (0x14cb6e0)
12/05/2012 17:43:51 (Std) 	Created WindowRendererFactory for 'Falagard/ListHeaderSegment' WindowRenderers.
12/05/2012 17:43:51 (Std) 	WindowRendererFactory 'Falagard/ListHeaderSegment' added. (0x14cb880)
12/05/2012 17:43:51 (Std) 	Created WindowRendererFactory for 'Falagard/Listbox' WindowRenderers.
12/05/2012 17:43:51 (Std) 	WindowRendererFactory 'Falagard/Listbox' added. (0x14cba20)
12/05/2012 17:43:51 (Std) 	Created WindowRendererFactory for 'Falagard/Menubar' WindowRenderers.
12/05/2012 17:43:51 (Std) 	WindowRendererFactory 'Falagard/Menubar' added. (0x157e470)
12/05/2012 17:43:51 (Std) 	Created WindowRendererFactory for 'Falagard/MenuItem' WindowRenderers.
12/05/2012 17:43:51 (Std) 	WindowRendererFactory 'Falagard/MenuItem' added. (0x157e610)
12/05/2012 17:43:51 (Std) 	Created WindowRendererFactory for 'Falagard/MultiColumnList' WindowRenderers.
12/05/2012 17:43:51 (Std) 	WindowRendererFactory 'Falagard/MultiColumnList' added. (0x157e7b0)
12/05/2012 17:43:51 (Std) 	Created WindowRendererFactory for 'Falagard/MultiLineEditbox' WindowRenderers.
12/05/2012 17:43:51 (Std) 	WindowRendererFactory 'Falagard/MultiLineEditbox' added. (0x157e950)
12/05/2012 17:43:51 (Std) 	Created WindowRendererFactory for 'Falagard/PopupMenu' WindowRenderers.
12/05/2012 17:43:51 (Std) 	WindowRendererFactory 'Falagard/PopupMenu' added. (0x157eaf0)
12/05/2012 17:43:51 (Std) 	Created WindowRendererFactory for 'Falagard/ProgressBar' WindowRenderers.
12/05/2012 17:43:51 (Std) 	WindowRendererFactory 'Falagard/ProgressBar' added. (0x1761420)
12/05/2012 17:43:51 (Std) 	Created WindowRendererFactory for 'Falagard/ScrollablePane' WindowRenderers.
12/05/2012 17:43:51 (Std) 	WindowRendererFactory 'Falagard/ScrollablePane' added. (0x17615c0)
12/05/2012 17:43:51 (Std) 	Created WindowRendererFactory for 'Falagard/Scrollbar' WindowRenderers.
12/05/2012 17:43:51 (Std) 	WindowRendererFactory 'Falagard/Scrollbar' added. (0x1761760)
12/05/2012 17:43:51 (Std) 	Created WindowRendererFactory for 'Falagard/Slider' WindowRenderers.
12/05/2012 17:43:51 (Std) 	WindowRendererFactory 'Falagard/Slider' added. (0x1761900)
12/05/2012 17:43:51 (Std) 	Created WindowRendererFactory for 'Falagard/Static' WindowRenderers.
12/05/2012 17:43:51 (Std) 	WindowRendererFactory 'Falagard/Static' added. (0x1761bb0)
12/05/2012 17:43:51 (Std) 	Created WindowRendererFactory for 'Falagard/StaticImage' WindowRenderers.
12/05/2012 17:43:51 (Std) 	WindowRendererFactory 'Falagard/StaticImage' added. (0x14c16e0)
12/05/2012 17:43:51 (Std) 	Created WindowRendererFactory for 'Falagard/StaticText' WindowRenderers.
12/05/2012 17:43:51 (Std) 	WindowRendererFactory 'Falagard/StaticText' added. (0x14c1880)
12/05/2012 17:43:51 (Std) 	Created WindowRendererFactory for 'Falagard/SystemButton' WindowRenderers.
12/05/2012 17:43:51 (Std) 	WindowRendererFactory 'Falagard/SystemButton' added. (0x14c1a20)
12/05/2012 17:43:51 (Std) 	Created WindowRendererFactory for 'Falagard/TabButton' WindowRenderers.
12/05/2012 17:43:51 (Std) 	WindowRendererFactory 'Falagard/TabButton' added. (0x14c1bc0)
12/05/2012 17:43:51 (Std) 	Created WindowRendererFactory for 'Falagard/TabControl' WindowRenderers.
12/05/2012 17:43:51 (Std) 	WindowRendererFactory 'Falagard/TabControl' added. (0x14c1d60)
12/05/2012 17:43:51 (Std) 	Created WindowRendererFactory for 'Falagard/Titlebar' WindowRenderers.
12/05/2012 17:43:51 (Std) 	WindowRendererFactory 'Falagard/Titlebar' added. (0x14c1f00)
12/05/2012 17:43:51 (Std) 	Created WindowRendererFactory for 'Falagard/ToggleButton' WindowRenderers.
12/05/2012 17:43:51 (Std) 	WindowRendererFactory 'Falagard/ToggleButton' added. (0x14c20a0)
12/05/2012 17:43:51 (Std) 	Created WindowRendererFactory for 'Falagard/Tooltip' WindowRenderers.
12/05/2012 17:43:51 (Std) 	WindowRendererFactory 'Falagard/Tooltip' added. (0x1757d80)
12/05/2012 17:43:51 (Std) 	Created WindowRendererFactory for 'Falagard/ItemListbox' WindowRenderers.
12/05/2012 17:43:51 (Std) 	WindowRendererFactory 'Falagard/ItemListbox' added. (0x1757f20)
12/05/2012 17:43:51 (Std) 	Created WindowRendererFactory for 'Falagard/Tree' WindowRenderers.
12/05/2012 17:43:51 (Std) 	WindowRendererFactory 'Falagard/Tree' added. (0x17580c0)
12/05/2012 17:43:51 (Std) 	Creating falagard mapping for type 'TaharezLook/Button' using base type 'CEGUI/PushButton', window renderer 'Falagard/Button' Look'N'Feel 'TaharezLook/Button' and RenderEffect ''. (0x7fff5af76b60)
12/05/2012 17:43:51 (Std) 	Creating falagard mapping for type 'TaharezLook/Checkbox' using base type 'CEGUI/Checkbox', window renderer 'Falagard/ToggleButton' Look'N'Feel 'TaharezLook/Checkbox' and RenderEffect ''. (0x7fff5af76b60)
12/05/2012 17:43:51 (Std) 	Creating falagard mapping for type 'TaharezLook/ImageButton' using base type 'CEGUI/PushButton', window renderer 'Falagard/Button' Look'N'Feel 'TaharezLook/ImageButton' and RenderEffect ''. (0x7fff5af76b60)
12/05/2012 17:43:51 (Std) 	Creating falagard mapping for type 'TaharezLook/RadioButton' using base type 'CEGUI/RadioButton', window renderer 'Falagard/ToggleButton' Look'N'Feel 'TaharezLook/RadioButton' and RenderEffect ''. (0x7fff5af76b60)
12/05/2012 17:43:51 (Std) 	Creating falagard mapping for type 'TaharezLook/FrameWindow' using base type 'CEGUI/FrameWindow', window renderer 'Falagard/FrameWindow' Look'N'Feel 'TaharezLook/FrameWindow' and RenderEffect ''. (0x7fff5af76b60)
12/05/2012 17:43:51 (Std) 	Creating falagard mapping for type 'TaharezLook/Titlebar' using base type 'CEGUI/Titlebar', window renderer 'Falagard/Titlebar' Look'N'Feel 'TaharezLook/Titlebar' and RenderEffect ''. (0x7fff5af76b60)
12/05/2012 17:43:51 (Std) 	Creating falagard mapping for type 'TaharezLook/SystemButton' using base type 'CEGUI/PushButton', window renderer 'Falagard/Button' Look'N'Feel 'TaharezLook/Button' and RenderEffect ''. (0x7fff5af76b60)
12/05/2012 17:43:51 (Std) 	Creating falagard mapping for type 'TaharezLook/Editbox' using base type 'CEGUI/Editbox', window renderer 'Falagard/Editbox' Look'N'Feel 'TaharezLook/Editbox' and RenderEffect ''. (0x7fff5af76b60)
12/05/2012 17:43:51 (Std) 	Creating falagard mapping for type 'TaharezLook/MultiLineEditbox' using base type 'CEGUI/MultiLineEditbox', window renderer 'Falagard/MultiLineEditbox' Look'N'Feel 'TaharezLook/MultiLineEditbox' and RenderEffect ''. (0x7fff5af76b60)
12/05/2012 17:43:51 (Std) 	Creating falagard mapping for type 'TaharezLook/Menubar' using base type 'CEGUI/Menubar', window renderer 'Falagard/Menubar' Look'N'Feel 'TaharezLook/Menubar' and RenderEffect ''. (0x7fff5af76b60)
12/05/2012 17:43:51 (Std) 	Creating falagard mapping for type 'TaharezLook/PopupMenu' using base type 'CEGUI/PopupMenu', window renderer 'Falagard/PopupMenu' Look'N'Feel 'TaharezLook/PopupMenu' and RenderEffect ''. (0x7fff5af76b60)
12/05/2012 17:43:51 (Std) 	Creating falagard mapping for type 'TaharezLook/MenuItem' using base type 'CEGUI/MenuItem', window renderer 'Falagard/MenuItem' Look'N'Feel 'TaharezLook/MenuItem' and RenderEffect ''. (0x7fff5af76b60)
12/05/2012 17:43:51 (Std) 	Creating falagard mapping for type 'TaharezLook/AlternateProgressBar' using base type 'CEGUI/ProgressBar', window renderer 'Falagard/ProgressBar' Look'N'Feel 'TaharezLook/AltProgressBar' and RenderEffect ''. (0x7fff5af76b60)
12/05/2012 17:43:51 (Std) 	Creating falagard mapping for type 'TaharezLook/ProgressBar' using base type 'CEGUI/ProgressBar', window renderer 'Falagard/ProgressBar' Look'N'Feel 'TaharezLook/ProgressBar' and RenderEffect ''. (0x7fff5af76b60)
12/05/2012 17:43:51 (Std) 	Creating falagard mapping for type 'TaharezLook/VUMeter' using base type 'CEGUI/ProgressBar', window renderer 'Falagard/ProgressBar' Look'N'Feel 'TaharezLook/VUMeter' and RenderEffect ''. (0x7fff5af76b60)
12/05/2012 17:43:51 (Std) 	Creating falagard mapping for type 'TaharezLook/VerticalScrollbar' using base type 'CEGUI/Scrollbar', window renderer 'Falagard/Scrollbar' Look'N'Feel 'TaharezLook/VerticalScrollbar' and RenderEffect ''. (0x7fff5af76b60)
12/05/2012 17:43:51 (Std) 	Creating falagard mapping for type 'TaharezLook/HorizontalScrollbar' using base type 'CEGUI/Scrollbar', window renderer 'Falagard/Scrollbar' Look'N'Feel 'TaharezLook/HorizontalScrollbar' and RenderEffect ''. (0x7fff5af76b60)
12/05/2012 17:43:51 (Std) 	Creating falagard mapping for type 'TaharezLook/VerticalScrollbarThumb' using base type 'CEGUI/Thumb', window renderer 'Falagard/Button' Look'N'Feel 'TaharezLook/VerticalScrollbarThumb' and RenderEffect ''. (0x7fff5af76b60)
12/05/2012 17:43:51 (Std) 	Creating falagard mapping for type 'TaharezLook/HorizontalScrollbarThumb' using base type 'CEGUI/Thumb', window renderer 'Falagard/Button' Look'N'Feel 'TaharezLook/HorizontalScrollbarThumb' and RenderEffect ''. (0x7fff5af76b60)
12/05/2012 17:43:51 (Std) 	Creating falagard mapping for type 'TaharezLook/LargeVerticalScrollbar' using base type 'CEGUI/Scrollbar', window renderer 'Falagard/Scrollbar' Look'N'Feel 'TaharezLook/LargeVerticalScrollbar' and RenderEffect ''. (0x7fff5af76b60)
12/05/2012 17:43:51 (Std) 	Creating falagard mapping for type 'TaharezLook/LargeVerticalScrollbarThumb' using base type 'CEGUI/Thumb', window renderer 'Falagard/Button' Look'N'Feel 'TaharezLook/LargeVerticalScrollbarThumb' and RenderEffect ''. (0x7fff5af76b60)
12/05/2012 17:43:51 (Std) 	Creating falagard mapping for type 'TaharezLook/TabButton' using base type 'CEGUI/TabButton', window renderer 'Falagard/TabButton' Look'N'Feel 'TaharezLook/TabButton' and RenderEffect ''. (0x7fff5af76b60)
12/05/2012 17:43:51 (Std) 	Creating falagard mapping for type 'TaharezLook/TabControl' using base type 'CEGUI/TabControl', window renderer 'Falagard/TabControl' Look'N'Feel 'TaharezLook/TabControl' and RenderEffect ''. (0x7fff5af76b60)
12/05/2012 17:43:51 (Std) 	Creating falagard mapping for type 'TaharezLook/TabContentPane' using base type 'DefaultWindow', window renderer 'Falagard/Default' Look'N'Feel 'TaharezLook/TabContentPane' and RenderEffect ''. (0x7fff5af76b60)
12/05/2012 17:43:51 (Std) 	Creating falagard mapping for type 'TaharezLook/TabButtonPane' using base type 'DefaultWindow', window renderer 'Falagard/Default' Look'N'Feel 'TaharezLook/TabButtonPane' and RenderEffect ''. (0x7fff5af76b60)
12/05/2012 17:43:51 (Std) 	Creating falagard mapping for type 'TaharezLook/ComboDropList' using base type 'CEGUI/ComboDropList', window renderer 'Falagard/Listbox' Look'N'Feel 'TaharezLook/ComboDropList' and RenderEffect ''. (0x7fff5af76b60)
12/05/2012 17:43:51 (Std) 	Creating falagard mapping for type 'TaharezLook/ComboEditbox' using base type 'CEGUI/Editbox', window renderer 'Falagard/Editbox' Look'N'Feel 'TaharezLook/ComboEditbox' and RenderEffect ''. (0x7fff5af76b60)
12/05/2012 17:43:51 (Std) 	Creating falagard mapping for type 'TaharezLook/Combobox' using base type 'CEGUI/Combobox', window renderer 'Falagard/Default' Look'N'Feel 'TaharezLook/Combobox' and RenderEffect ''. (0x7fff5af76b60)
12/05/2012 17:43:51 (Std) 	Creating falagard mapping for type 'TaharezLook/Listbox' using base type 'CEGUI/Listbox', window renderer 'Falagard/Listbox' Look'N'Feel 'TaharezLook/Listbox' and RenderEffect ''. (0x7fff5af76b60)
12/05/2012 17:43:51 (Std) 	Creating falagard mapping for type 'TaharezLook/ListHeader' using base type 'CEGUI/ListHeader', window renderer 'Falagard/ListHeader' Look'N'Feel 'TaharezLook/ListHeader' and RenderEffect ''. (0x7fff5af76b60)
12/05/2012 17:43:51 (Std) 	Creating falagard mapping for type 'TaharezLook/ListHeaderSegment' using base type 'CEGUI/ListHeaderSegment', window renderer 'Falagard/ListHeaderSegment' Look'N'Feel 'TaharezLook/ListHeaderSegment' and RenderEffect ''. (0x7fff5af76b60)
12/05/2012 17:43:51 (Std) 	Creating falagard mapping for type 'TaharezLook/MultiColumnList' using base type 'CEGUI/MultiColumnList', window renderer 'Falagard/MultiColumnList' Look'N'Feel 'TaharezLook/MultiColumnList' and RenderEffect ''. (0x7fff5af76b60)
12/05/2012 17:43:51 (Std) 	Creating falagard mapping for type 'TaharezLook/Slider' using base type 'CEGUI/Slider', window renderer 'Falagard/Slider' Look'N'Feel 'TaharezLook/Slider' and RenderEffect ''. (0x7fff5af76b60)
12/05/2012 17:43:51 (Std) 	Creating falagard mapping for type 'TaharezLook/SliderThumb' using base type 'CEGUI/Thumb', window renderer 'Falagard/Button' Look'N'Feel 'TaharezLook/SliderThumb' and RenderEffect ''. (0x7fff5af76b60)
12/05/2012 17:43:51 (Std) 	Creating falagard mapping for type 'TaharezLook/ScrollablePane' using base type 'CEGUI/ScrollablePane', window renderer 'Falagard/ScrollablePane' Look'N'Feel 'TaharezLook/ScrollablePane' and RenderEffect ''. (0x7fff5af76b60)
12/05/2012 17:43:51 (Std) 	Creating falagard mapping for type 'TaharezLook/Spinner' using base type 'CEGUI/Spinner', window renderer 'Falagard/Default' Look'N'Feel 'TaharezLook/Spinner' and RenderEffect ''. (0x7fff5af76b60)
12/05/2012 17:43:51 (Std) 	Creating falagard mapping for type 'TaharezLook/Tooltip' using base type 'CEGUI/Tooltip', window renderer 'Falagard/Tooltip' Look'N'Feel 'TaharezLook/Tooltip' and RenderEffect ''. (0x7fff5af76b60)
12/05/2012 17:43:51 (Std) 	Creating falagard mapping for type 'TaharezLook/StaticImage' using base type 'DefaultWindow', window renderer 'Falagard/StaticImage' Look'N'Feel 'TaharezLook/StaticImage' and RenderEffect ''. (0x7fff5af76b60)
12/05/2012 17:43:51 (Std) 	Creating falagard mapping for type 'TaharezLook/StaticText' using base type 'DefaultWindow', window renderer 'Falagard/StaticText' Look'N'Feel 'TaharezLook/StaticText' and RenderEffect ''. (0x7fff5af76b60)
12/05/2012 17:43:51 (Std) 	Creating falagard mapping for type 'TaharezLook/ItemListbox' using base type 'CEGUI/ItemListbox', window renderer 'Falagard/ItemListbox' Look'N'Feel 'TaharezLook/ItemListbox' and RenderEffect ''. (0x7fff5af76b60)
12/05/2012 17:43:51 (Std) 	Creating falagard mapping for type 'TaharezLook/ListboxItem' using base type 'CEGUI/ItemEntry', window renderer 'Falagard/ItemEntry' Look'N'Feel 'TaharezLook/ListboxItem' and RenderEffect ''. (0x7fff5af76b60)
12/05/2012 17:43:51 (Std) 	Creating falagard mapping for type 'TaharezLook/GroupBox' using base type 'CEGUI/GroupBox', window renderer 'Falagard/Default' Look'N'Feel 'TaharezLook/GroupBox' and RenderEffect ''. (0x7fff5af76b60)
12/05/2012 17:43:51 (Std) 	Creating falagard mapping for type 'TaharezLook/Tree' using base type 'CEGUI/Tree', window renderer 'Falagard/Tree' Look'N'Feel 'TaharezLook/Tree' and RenderEffect ''. (0x7fff5af76b60)
