01:39:08: Creating resource group General
01:39:08: Creating resource group Internal
01:39:08: Creating resource group Autodetect
01:39:08: SceneManagerFactory for type 'DefaultSceneManager' registered.
01:39:08: Registering ResourceManager for type Material
01:39:08: Registering ResourceManager for type Mesh
01:39:08: Registering ResourceManager for type Skeleton
01:39:08: MovableObjectFactory for type 'ParticleSystem' registered.
01:39:08: OverlayElementFactory for type Panel registered.
01:39:08: OverlayElementFactory for type BorderPanel registered.
01:39:08: OverlayElementFactory for type TextArea registered.
01:39:08: Registering ResourceManager for type Font
01:39:08: ArchiveFactory for archive type FileSystem registered.
01:39:08: ArchiveFactory for archive type Zip registered.
01:39:08: DDS codec registering
01:39:08: FreeImage version: 3.13.1
01:39:08: This program uses FreeImage, a free, open source image library supporting all common bitmap formats. See http://freeimage.sourceforge.net for details
01:39:08: Supported formats: bmp,ico,jpg,jif,jpeg,jpe,jng,koa,iff,lbm,mng,pbm,pbm,pcd,pcx,pgm,pgm,png,ppm,ppm,ras,tga,targa,tif,tiff,wap,wbmp,wbm,psd,cut,xbm,xpm,gif,hdr,g3,sgi,exr,j2k,j2c,jp2,pfm,pct,pict,pic,bay,bmq,cr2,crw,cs1,dc2,dcr,dng,erf,fff,hdr,k25,kdc,mdc,mos,mrw,nef,orf,pef,pxn,raf,raw,rdc,sr2,srf,arw,3fr,cine,ia,kc2,mef,nrw,qtk,rw2,sti,drf,dsc,ptx,cap,iiq,rwz
01:39:08: Registering ResourceManager for type HighLevelGpuProgram
01:39:08: Registering ResourceManager for type Compositor
01:39:08: MovableObjectFactory for type 'Entity' registered.
01:39:08: MovableObjectFactory for type 'Light' registered.
01:39:08: MovableObjectFactory for type 'BillboardSet' registered.
01:39:08: MovableObjectFactory for type 'ManualObject' registered.
01:39:08: MovableObjectFactory for type 'BillboardChain' registered.
01:39:08: MovableObjectFactory for type 'RibbonTrail' registered.
01:39:08: Loading library /usr/lib/OGRE/RenderSystem_GL.so
01:39:08: Installing plugin: GL RenderSystem
01:39:08: OpenGL Rendering Subsystem created.
01:39:08: Plugin successfully installed
01:39:08: Loading library /usr/lib/OGRE/Plugin_OctreeSceneManager.so
01:39:08: Installing plugin: Octree & Terrain Scene Manager
01:39:08: Plugin successfully installed
01:39:08: *-*-* OGRE Initialising
01:39:08: *-*-* Version 1.7.3 (Cthugha)
01:39:08: CPU Identifier & Features
01:39:08: -------------------------
01:39:08:  *   CPU ID: GenuineIntel: Intel(R) Core(TM) i3-2330M CPU @ 2.20GHz
01:39:08:  *      SSE: yes
01:39:08:  *     SSE2: yes
01:39:08:  *     SSE3: yes
01:39:08:  *      MMX: yes
01:39:08:  *   MMXEXT: yes
01:39:08:  *    3DNOW: no
01:39:08:  * 3DNOWEXT: no
01:39:08:  *     CMOV: yes
01:39:08:  *      TSC: yes
01:39:08:  *      FPU: yes
01:39:08:  *      PRO: yes
01:39:08:  *       HT: no
01:39:08: -------------------------
01:39:08: ******************************
*** Starting GLX Subsystem ***
******************************
01:39:08: GLRenderSystem::_createRenderWindow "Ogre rendering window", 723x450 windowed  miscParams: externalWindowHandle=152696128:0:92275811: 
01:39:08: GLXWindow::create: The externalWindowHandle parameter is deprecated.
Use the parentWindowHandle or currentGLContext parameter instead.
01:39:08: GLXWindow::create used FBConfigID = 105
01:39:08: GL_VERSION = 2.1 Mesa 7.11
01:39:08: GL_VENDOR = Tungsten Graphics, Inc
01:39:08: GL_RENDERER = Mesa DRI Intel(R) Sandybridge Mobile x86/MMX/SSE2
01:39:08: GL_EXTENSIONS = GL_ARB_multisample GL_EXT_abgr GL_EXT_bgra GL_EXT_blend_color GL_EXT_blend_logic_op GL_EXT_blend_minmax GL_EXT_blend_subtract GL_EXT_copy_texture GL_EXT_polygon_offset GL_EXT_subtexture GL_EXT_texture_object GL_EXT_vertex_array GL_EXT_compiled_vertex_array GL_EXT_texture GL_EXT_texture3D GL_IBM_rasterpos_clip GL_ARB_point_parameters GL_EXT_draw_range_elements GL_EXT_packed_pixels GL_EXT_point_parameters GL_EXT_rescale_normal GL_EXT_separate_specular_color GL_EXT_texture_edge_clamp GL_SGIS_generate_mipmap GL_SGIS_texture_border_clamp GL_SGIS_texture_edge_clamp GL_SGIS_texture_lod GL_ARB_framebuffer_sRGB GL_ARB_multitexture GL_EXT_framebuffer_sRGB GL_IBM_multimode_draw_arrays GL_IBM_texture_mirrored_repeat GL_3DFX_texture_compression_FXT1 GL_ARB_texture_cube_map GL_ARB_texture_env_add GL_ARB_transpose_matrix GL_EXT_blend_func_separate GL_EXT_fog_coord GL_EXT_multi_draw_arrays GL_EXT_secondary_color GL_EXT_texture_env_add GL_EXT_texture_filter_anisotropic GL_EXT_texture_lod_bias GL_INGR_blend_func_separate GL_NV_blend_square GL_NV_light_max_exponent GL_NV_texgen_reflection GL_NV_texture_env_combine4 GL_SUN_multi_draw_arrays GL_ARB_texture_border_clamp GL_ARB_texture_compression GL_EXT_framebuffer_object GL_EXT_texture_env_dot3 GL_MESA_window_pos GL_NV_packed_depth_stencil GL_NV_texture_rectangle GL_NV_vertex_program GL_ARB_depth_texture GL_ARB_occlusion_query GL_ARB_shadow GL_ARB_texture_env_combine GL_ARB_texture_env_crossbar GL_ARB_texture_env_dot3 GL_ARB_texture_mirrored_repeat GL_ARB_window_pos GL_ATI_envmap_bumpmap GL_EXT_stencil_two_side GL_EXT_texture_cube_map GL_NV_depth_clamp GL_NV_vertex_program1_1 GL_APPLE_client_storage GL_APPLE_packed_pixels GL_APPLE_vertex_array_object GL_ARB_draw_buffers GL_ARB_fragment_program GL_ARB_fragment_shader GL_ARB_shader_objects GL_ARB_vertex_program GL_ARB_vertex_shader GL_ATI_draw_buffers GL_ATI_texture_env_combine3 GL_EXT_shadow_funcs GL_EXT_stencil_wrap GL_MESA_pack_invert GL_MESA_ycbcr_texture GL_ARB_depth_clamp GL_ARB_fragment_program_shadow GL_ARB_half_float_pixel GL_ARB_point_sprite GL_ARB_shading_language_100 GL_ARB_sync GL_ARB_texture_non_power_of_two GL_ARB_vertex_buffer_object GL_ATI_blend_equation_separate GL_EXT_blend_equation_separate GL_OES_read_format GL_ARB_color_buffer_float GL_ARB_pixel_buffer_object GL_ARB_texture_compression_rgtc GL_ARB_texture_rectangle GL_EXT_pixel_buffer_object GL_EXT_texture_compression_rgtc GL_EXT_texture_rectangle GL_EXT_texture_sRGB GL_ARB_framebuffer_object GL_EXT_framebuffer_blit GL_EXT_framebuffer_multisample GL_EXT_packed_depth_stencil GL_APPLE_object_purgeable GL_ARB_vertex_array_object GL_ATI_separate_stencil GL_EXT_draw_buffers2 GL_EXT_gpu_program_parameters GL_EXT_texture_env_combine GL_EXT_texture_sRGB_decode GL_EXT_timer_query GL_OES_EGL_image GL_ARB_copy_buffer GL_ARB_half_float_vertex GL_ARB_map_buffer_range GL_ARB_texture_rg GL_ARB_texture_swizzle GL_ARB_vertex_array_bgra GL_EXT_separate_shader_objects GL_EXT_texture_swizzle GL_EXT_vertex_array_bgra GL_NV_conditional_render GL_ARB_ES2_compatibility GL_ARB_draw_elements_base_vertex GL_ARB_explicit_attrib_location GL_ARB_fragment_coord_conventions GL_ARB_provoking_vertex GL_ARB_sampler_objects GL_ARB_seamless_cube_map GL_ARB_shader_texture_lod GL_EXT_provoking_vertex GL_EXT_texture_snorm GL_MESA_texture_signed_rgba GL_ARB_robustness 
01:39:08: Supported GLX extensions: GLX_ARB_get_proc_address GLX_ARB_multisample GLX_EXT_import_context GLX_EXT_visual_info GLX_EXT_visual_rating GLX_MESA_copy_sub_buffer GLX_MESA_multithread_makecurrent GLX_MESA_swap_control GLX_OML_swap_method GLX_OML_sync_control GLX_SGI_make_current_read GLX_SGI_swap_control GLX_SGI_video_sync GLX_SGIS_multisample GLX_SGIX_fbconfig GLX_SGIX_pbuffer GLX_SGIX_visual_select_group GLX_EXT_texture_from_pixmap GLX_INTEL_swap_event 
01:39:08: ***************************
01:39:08: *** GL Renderer Started ***
01:39:08: ***************************
01:39:08: Registering ResourceManager for type GpuProgram
01:39:08: GLSL support detected
01:39:08: GL: Using GL_EXT_framebuffer_object for rendering to textures (best)
01:39:08: FBO PF_UNKNOWN depth/stencil support: D0S1 D0S4 D0S8 D0S16 D16S0 D24S0 D32S0 Packed-D24S8 
01:39:08: FBO PF_A8 depth/stencil support: D0S0 D0S1 D0S4 D0S8 D0S16 D16S0 D24S0 D32S0 Packed-D24S8 
01:39:08: FBO PF_R5G6B5 depth/stencil support: D0S0 D0S1 D0S4 D0S8 D0S16 D16S0 D24S0 D32S0 Packed-D24S8 
01:39:08: FBO PF_B5G6R5 depth/stencil support: D0S0 D0S1 D0S4 D0S8 D0S16 D16S0 D24S0 D32S0 Packed-D24S8 
01:39:08: FBO PF_A4R4G4B4 depth/stencil support: D0S0 D0S1 D0S4 D0S8 D0S16 D16S0 D24S0 D32S0 Packed-D24S8 
01:39:08: FBO PF_A1R5G5B5 depth/stencil support: D0S0 D0S1 D0S4 D0S8 D0S16 D16S0 D24S0 D32S0 Packed-D24S8 
01:39:08: FBO PF_R8G8B8 depth/stencil support: D0S0 D0S1 D0S4 D0S8 D0S16 D16S0 D24S0 D32S0 Packed-D24S8 
01:39:08: FBO PF_B8G8R8 depth/stencil support: D0S0 D0S1 D0S4 D0S8 D0S16 D16S0 D24S0 D32S0 Packed-D24S8 
01:39:08: FBO PF_A8R8G8B8 depth/stencil support: D0S0 D0S1 D0S4 D0S8 D0S16 D16S0 D24S0 D32S0 Packed-D24S8 
01:39:08: FBO PF_B8G8R8A8 depth/stencil support: D0S0 D0S1 D0S4 D0S8 D0S16 D16S0 D24S0 D32S0 Packed-D24S8 
01:39:08: FBO PF_A2R10G10B10 depth/stencil support: D0S0 D0S1 D0S4 D0S8 D0S16 D16S0 D24S0 D32S0 Packed-D24S8 
01:39:08: FBO PF_A2B10G10R10 depth/stencil support: D0S0 D0S1 D0S4 D0S8 D0S16 D16S0 D24S0 D32S0 Packed-D24S8 
01:39:08: FBO PF_X8R8G8B8 depth/stencil support: D0S0 D0S1 D0S4 D0S8 D0S16 D16S0 D24S0 D32S0 Packed-D24S8 
01:39:08: FBO PF_X8B8G8R8 depth/stencil support: D0S0 D0S1 D0S4 D0S8 D0S16 D16S0 D24S0 D32S0 Packed-D24S8 
01:39:08: FBO PF_SHORT_RGBA depth/stencil support: D0S0 D0S1 D0S4 D0S8 D0S16 D16S0 D24S0 D32S0 Packed-D24S8 
01:39:08: FBO PF_R3G3B2 depth/stencil support: D0S0 D0S1 D0S4 D0S8 D0S16 D16S0 D24S0 D32S0 Packed-D24S8 
01:39:08: FBO PF_SHORT_RGB depth/stencil support: D0S0 D0S1 D0S4 D0S8 D0S16 D16S0 D24S0 D32S0 Packed-D24S8 
01:39:08: [GL] : Valid FBO targets PF_UNKNOWN PF_A8 PF_R5G6B5 PF_B5G6R5 PF_A4R4G4B4 PF_A1R5G5B5 PF_R8G8B8 PF_B8G8R8 PF_A8R8G8B8 PF_B8G8R8A8 PF_A2R10G10B10 PF_A2B10G10R10 PF_X8R8G8B8 PF_X8B8G8R8 PF_SHORT_RGBA PF_R3G3B2 PF_SHORT_RGB 
01:39:08: RenderSystem capabilities
01:39:08: -------------------------
01:39:08: RenderSystem Name: OpenGL Rendering Subsystem
01:39:08: GPU Vendor: unknown
01:39:08: Device Name: Mesa DRI Intel(R) Sandybridge Mobile x86/MMX/SSE2
01:39:08: Driver Version: 2.1.0.0
01:39:08:  * Fixed function pipeline: yes
01:39:08:  * Hardware generation of mipmaps: yes
01:39:08:  * Texture blending: yes
01:39:08:  * Anisotropic texture filtering: yes
01:39:08:  * Dot product texture operation: yes
01:39:08:  * Cube mapping: yes
01:39:08:  * Hardware stencil buffer: yes
01:39:08:    - Stencil depth: 8
01:39:08:    - Two sided stencil support: yes
01:39:08:    - Wrap stencil values: yes
01:39:08:  * Hardware vertex / index buffers: yes
01:39:08:  * Vertex programs: yes
01:39:08:  * Number of floating-point constants for vertex programs: 1024
01:39:08:  * Number of integer constants for vertex programs: 0
01:39:08:  * Number of boolean constants for vertex programs: 0
01:39:08:  * Fragment programs: yes
01:39:08:  * Number of floating-point constants for fragment programs: 1024
01:39:08:  * Number of integer constants for fragment programs: 0
01:39:08:  * Number of boolean constants for fragment programs: 0
01:39:08:  * Geometry programs: no
01:39:08:  * Number of floating-point constants for geometry programs: 0
01:39:08:  * Number of integer constants for geometry programs: 0
01:39:08:  * Number of boolean constants for geometry programs: 0
01:39:08:  * Supported Shader Profiles: arbfp1 arbvp1 glsl
01:39:08:  * Texture Compression: yes
01:39:08:    - DXT: no
01:39:08:    - VTC: no
01:39:08:    - PVRTC: no
01:39:08:  * Scissor Rectangle: yes
01:39:08:  * Hardware Occlusion Query: yes
01:39:08:  * User clip planes: yes
01:39:08:  * VET_UBYTE4 vertex element type: yes
01:39:08:  * Infinite far plane projection: yes
01:39:08:  * Hardware render-to-texture: yes
01:39:08:  * Floating point textures: no
01:39:08:  * Non-power-of-two textures: yes
01:39:08:  * Volume textures: yes
01:39:08:  * Multiple Render Targets: 8
01:39:08:    - With different bit depths: yes
01:39:08:  * Point Sprites: yes
01:39:08:  * Extended point parameters: yes
01:39:08:  * Max Point Size: 255
01:39:08:  * Vertex texture fetch: no
01:39:08:  * Number of world matrices: 0
01:39:08:  * Number of texture units: 16
01:39:08:  * Stencil buffer depth: 8
01:39:08:  * Number of vertex blend matrices: 0
01:39:08:  * Render to Vertex Buffer : no
01:39:08:  * GL 1.5 without VBO workaround: no
01:39:08:  * Frame Buffer objects: yes
01:39:08:  * Frame Buffer objects (ARB extension): no
01:39:08:  * Frame Buffer objects (ATI extension): no
01:39:08:  * PBuffer support: yes
01:39:08:  * GL 1.5 without HW-occlusion workaround: no
01:39:08: Registering ResourceManager for type Texture
01:39:08: DefaultWorkQueue('Root') initialising on thread 0x95f0c50.
01:39:08: DefaultWorkQueue('Root')::WorkerFunc - thread 0x961ea08 starting.
01:39:08: DefaultWorkQueue('Root')::WorkerFunc - thread 0x995c1e8 starting.
01:39:08: DefaultWorkQueue('Root')::WorkerFunc - thread 0xb6d0ad20 starting.
01:39:08: DefaultWorkQueue('Root')::WorkerFunc - thread 0xb6d0c100 starting.
01:39:08: Particle Renderer Type 'billboard' registered
01:39:08: SceneManagerFactory for type 'OctreeSceneManager' registered.
01:39:08: SceneManagerFactory for type 'TerrainSceneManager' registered.
01:39:08: Creating resource group Bootstrap
01:39:08: Added resource location 'meshes/SdkTrays.zip' of type 'Zip' to resource group 'Bootstrap'
01:39:08: Added resource location 'meshes' of type 'FileSystem' to resource group 'General'
01:39:08: Parsing scripts for resource group Autodetect
01:39:08: Finished parsing scripts for resource group Autodetect
01:39:08: Parsing scripts for resource group Bootstrap
01:39:08: Parsing script SdkTrays.material
01:39:08: Parsing script SdkTrays.fontdef
01:39:08: Parsing script SdkTrays.overlay
01:39:08: Bad element attribute line: '# you can offset the image to change the cursor "hotspot"' for element SdkTrays/Cursor in overlay 
01:39:08: Texture: sdk_cursor.png: Loading 1 faces(PF_A8R8G8B8,32x32x1) with 5 hardware generated mipmaps from Image. Internal format is PF_A8R8G8B8,32x32x1.
01:39:08: Texture: sdk_tray.png: Loading 1 faces(PF_A8R8G8B8,64x64x1) with 5 hardware generated mipmaps from Image. Internal format is PF_A8R8G8B8,64x64x1.
01:39:08: Texture: sdk_button_up.png: Loading 1 faces(PF_A8R8G8B8,128x32x1) with 5 hardware generated mipmaps from Image. Internal format is PF_A8R8G8B8,128x32x1.
01:39:08: Texture: sdk_text_box.png: Loading 1 faces(PF_A8R8G8B8,32x32x1) with 5 hardware generated mipmaps from Image. Internal format is PF_A8R8G8B8,32x32x1.
01:39:08: Texture: sdk_mini_tray.png: Loading 1 faces(PF_A8R8G8B8,32x32x1) with 5 hardware generated mipmaps from Image. Internal format is PF_A8R8G8B8,32x32x1.
01:39:08: Texture: sdk_track.png: Loading 1 faces(PF_A8R8G8B8,16x32x1) with 5 hardware generated mipmaps from Image. Internal format is PF_A8R8G8B8,16x32x1.
01:39:08: Texture: sdk_handle.png: Loading 1 faces(PF_A8R8G8B8,16x16x1) with 4 hardware generated mipmaps from Image. Internal format is PF_A8R8G8B8,16x16x1.
01:39:08: Texture: sdk_mini_text_box.png: Loading 1 faces(PF_A8R8G8B8,32x32x1) with 5 hardware generated mipmaps from Image. Internal format is PF_A8R8G8B8,32x32x1.
01:39:08: Texture: sdk_label.png: Loading 1 faces(PF_A8R8G8B8,32x32x1) with 5 hardware generated mipmaps from Image. Internal format is PF_A8R8G8B8,32x32x1.
01:39:08: Texture: sdk_separator.png: Loading 1 faces(PF_A8R8G8B8,64x16x1) with 5 hardware generated mipmaps from Image. Internal format is PF_A8R8G8B8,64x16x1.
01:39:08: Texture: sdk_logo.png: Loading 1 faces(PF_A8R8G8B8,128x64x1) with 5 hardware generated mipmaps from Image. Internal format is PF_A8R8G8B8,128x64x1.
01:39:08: Texture: sdk_shade.png: Loading 1 faces(PF_A8R8G8B8,64x48x1) with 5 hardware generated mipmaps from Image. Internal format is PF_A8R8G8B8,64x48x1.
01:39:08: Texture: sdk_frame.png: Loading 1 faces(PF_A8R8G8B8,32x32x1) with 5 hardware generated mipmaps from Image. Internal format is PF_A8R8G8B8,32x32x1.
01:39:08: Texture: sdk_mini_text_box_over.png: Loading 1 faces(PF_A8R8G8B8,32x32x1) with 5 hardware generated mipmaps from Image. Internal format is PF_A8R8G8B8,32x32x1.
01:39:08: Texture: sdk_pulse.png: Loading 1 faces(PF_R8G8B8,8x1x1) with 3 hardware generated mipmaps from Image. Internal format is PF_X8R8G8B8,8x1x1.
01:39:08: Finished parsing scripts for resource group Bootstrap
01:39:08: Parsing scripts for resource group General
01:39:08: Parsing script Axis.material
01:39:08: Parsing script ogrehead.material
01:39:08: Parsing script MatCraneo.material
01:39:08: Parsing script Material.001.material
01:39:08: Parsing script BoneMesh.material
01:39:08: Finished parsing scripts for resource group General
01:39:08: Parsing scripts for resource group Internal
01:39:08: Finished parsing scripts for resource group Internal
01:39:08: Mesh: Loading ogrehead.mesh.
01:39:08: WARNING: ogrehead.mesh is an older format ([MeshSerializer_v1.30]); you should upgrade it as soon as possible using the OgreMeshUpgrade tool.
01:39:08: Texture: WeirdEye.png: Loading 1 faces(PF_R8G8B8,256x256x1) with 5 hardware generated mipmaps from Image. Internal format is PF_X8R8G8B8,256x256x1.
01:39:08: Texture: GreenSkin.jpg: Loading 1 faces(PF_R8G8B8,256x256x1) with 5 hardware generated mipmaps from Image. Internal format is PF_X8R8G8B8,256x256x1.
01:39:08: Texture: spheremap.png: Loading 1 faces(PF_R8G8B8,256x256x1) with 5 hardware generated mipmaps from Image. Internal format is PF_X8R8G8B8,256x256x1.
01:39:08: Texture: dirt01.jpg: Loading 1 faces(PF_R8G8B8,96x96x1) with 5 hardware generated mipmaps from Image. Internal format is PF_X8R8G8B8,96x96x1.
01:39:13: DefaultWorkQueue('Root') shutting down on thread 0x95f0c50.
01:39:13: DefaultWorkQueue('Root')::WorkerFunc - thread 0x961ea08 stopped.
01:39:13: DefaultWorkQueue('Root')::WorkerFunc - thread 0x995c1e8 stopped.
01:39:13: DefaultWorkQueue('Root')::WorkerFunc - thread 0xb6d0ad20 stopped.
01:39:13: DefaultWorkQueue('Root')::WorkerFunc - thread 0xb6d0c100 stopped.
01:39:13: *-*-* OGRE Shutdown
01:39:13: Unregistering ResourceManager for type Compositor
01:39:13: Unregistering ResourceManager for type Font
01:39:13: Unregistering ResourceManager for type Skeleton
01:39:13: Unregistering ResourceManager for type Mesh
01:39:13: Unregistering ResourceManager for type HighLevelGpuProgram
01:39:13: Uninstalling plugin: Octree & Terrain Scene Manager
01:39:13: Plugin successfully uninstalled
01:39:13: Unloading library /usr/lib/OGRE/Plugin_OctreeSceneManager.so
01:39:13: Uninstalling plugin: GL RenderSystem
01:39:13: Unregistering ResourceManager for type GpuProgram
01:39:13: ******************************
*** Stopping GLX Subsystem ***
******************************
01:39:13: Unregistering ResourceManager for type Texture
01:39:13: Plugin successfully uninstalled
01:39:13: Unloading library /usr/lib/OGRE/RenderSystem_GL.so
01:39:13: Unregistering ResourceManager for type Material
